Removed Pin From Net: NetName=102 Pin=J7-1
Removed Pin From Net: NetName=108 Pin=J7-2
Removed Pin From Net: NetName=101 Pin=J7-3
Removed Pin From Net: NetName=104 Pin=J7-4
Removed Pin From Net: NetName=103 Pin=J7-5
Removed Pin From Net: NetName=106 Pin=J7-6
Removed Pin From Net: NetName=105 Pin=J7-7
Removed Pin From Net: NetName=107 Pin=J7-8
Removed Pin From Net: NetName=109 Pin=J7-9
Removed Pin From Net: NetName=110 Pin=J7-10
Removed Pin From Net: NetName=112 Pin=J8-1
Removed Pin From Net: NetName=114 Pin=J8-2
Removed Pin From Net: NetName=116 Pin=J8-3
Removed Pin From Net: NetName=111 Pin=J8-4
Removed Pin From Net: NetName=113 Pin=J8-5
Removed Pin From Net: NetName=115 Pin=J8-6
Removed Pin From Net: NetName=117 Pin=J8-7
Removed Pin From Net: NetName=118 Pin=J8-8
Removed Pin From Net: NetName=119 Pin=J8-9
Removed Pin From Net: NetName=120 Pin=J8-10
Removed Pin From Net: NetName=122 Pin=J9-1
Removed Pin From Net: NetName=124 Pin=J9-2
Removed Pin From Net: NetName=126 Pin=J9-3
Removed Pin From Net: NetName=121 Pin=J9-4
Removed Pin From Net: NetName=125 Pin=J9-5
Removed Pin From Net: NetName=123 Pin=J9-6
Removed Pin From Net: NetName=127 Pin=J9-7
Removed Pin From Net: NetName=128 Pin=J9-8
Removed Pin From Net: NetName=129 Pin=J9-9
Removed Pin From Net: NetName=130 Pin=J9-10
Removed Pin From Net: NetName=131 Pin=J10-1
Removed Pin From Net: NetName=133 Pin=J10-2
Removed Pin From Net: NetName=135 Pin=J10-3
Removed Pin From Net: NetName=137 Pin=J10-4
Removed Pin From Net: NetName=132 Pin=J10-5
Removed Pin From Net: NetName=134 Pin=J10-6
Removed Pin From Net: NetName=136 Pin=J10-7
Removed Pin From Net: NetName=139 Pin=J10-8
Removed Pin From Net: NetName=138 Pin=J10-9
Removed Pin From Net: NetName=140 Pin=J10-10
Removed Pin From Net: NetName=141 Pin=J11-1
Removed Pin From Net: NetName=145 Pin=J11-2
Removed Pin From Net: NetName=143 Pin=J11-3
Removed Pin From Net: NetName=147 Pin=J11-4
Removed Pin From Net: NetName=149 Pin=J11-5
Removed Pin From Net: NetName=142 Pin=J11-6
Removed Pin From Net: NetName=144 Pin=J11-7
Removed Pin From Net: NetName=146 Pin=J11-8
Removed Pin From Net: NetName=148 Pin=J11-9
Removed Pin From Net: NetName=150 Pin=J11-10
Removed Pin From Net: NetName=151 Pin=J12-5
Removed Pin From Net: NetName=155 Pin=J12-6
Removed Pin From Net: NetName=152 Pin=J12-7
Removed Pin From Net: NetName=153 Pin=J12-8
Removed Pin From Net: NetName=154 Pin=J12-9
Removed Pin From Net: NetName=156 Pin=J12-10
Added Component: Designator=(Anybus-CC-B40)
Added Pin To Net: NetName=1 Pin=-1
Added Pin To Net: NetName=1 Pin=-1
Added Pin To Net: NetName=1 Pin=-1
Added Pin To Net: NetName=2 Pin=-2
Added Pin To Net: NetName=3 Pin=-3
Added Pin To Net: NetName=4 Pin=-4
Added Pin To Net: NetName=5 Pin=-5
Added Pin To Net: NetName=6 Pin=-6
Added Pin To Net: NetName=7 Pin=-7
Added Pin To Net: NetName=8 Pin=-8
Added Pin To Net: NetName=9 Pin=-9
Added Pin To Net: NetName=10 Pin=-10
Added Pin To Net: NetName=11 Pin=-11
Added Pin To Net: NetName=12 Pin=-12
Added Pin To Net: NetName=13 Pin=-13
Added Pin To Net: NetName=14 Pin=-14
Added Pin To Net: NetName=15 Pin=-15
Added Pin To Net: NetName=16 Pin=-16
Added Pin To Net: NetName=17 Pin=-17
Added Pin To Net: NetName=18 Pin=-18
Added Pin To Net: NetName=19 Pin=-19
Added Pin To Net: NetName=20 Pin=-20
Added Pin To Net: NetName=21 Pin=-21
Added Pin To Net: NetName=22 Pin=-22
Added Pin To Net: NetName=23 Pin=-23
Added Pin To Net: NetName=24 Pin=-24
Added Pin To Net: NetName=25 Pin=-25
Added Pin To Net: NetName=26 Pin=-26
Added Pin To Net: NetName=27 Pin=-27
Added Pin To Net: NetName=28 Pin=-28
Added Pin To Net: NetName=29 Pin=-29
Added Pin To Net: NetName=30 Pin=-30
Added Pin To Net: NetName=31 Pin=-31
Added Pin To Net: NetName=32 Pin=-32
Added Pin To Net: NetName=33 Pin=-33
Added Pin To Net: NetName=34 Pin=-34
Added Pin To Net: NetName=35 Pin=-35
Added Pin To Net: NetName=36 Pin=-36
Added Pin To Net: NetName=37 Pin=-37
Added Pin To Net: NetName=38 Pin=-38
Added Pin To Net: NetName=39 Pin=-39
Added Pin To Net: NetName=40 Pin=-40
Added Pin To Net: NetName=41 Pin=-41
Added Pin To Net: NetName=42 Pin=-42
Added Pin To Net: NetName=43 Pin=-43
Added Pin To Net: NetName=44 Pin=-44
Added Pin To Net: NetName=45 Pin=-45
Added Pin To Net: NetName=46 Pin=-46
Added Pin To Net: NetName=47 Pin=-47
Added Pin To Net: NetName=48 Pin=-48
Added Pin To Net: NetName=49 Pin=-49
Added Pin To Net: NetName=50 Pin=-50
Added Pin To Net: NetName=51 Pin=-51
Added Pin To Net: NetName=52 Pin=-52
Added Pin To Net: NetName=101 Pin=-101
Added Pin To Net: NetName=102 Pin=-102
Added Pin To Net: NetName=103 Pin=-103
Added Pin To Net: NetName=104 Pin=-104
Added Pin To Net: NetName=105 Pin=-105
Added Pin To Net: NetName=106 Pin=-106
Added Pin To Net: NetName=107 Pin=-107
Added Pin To Net: NetName=108 Pin=-108
Added Pin To Net: NetName=109 Pin=-109
Added Pin To Net: NetName=110 Pin=-110
Added Pin To Net: NetName=111 Pin=-111
Added Pin To Net: NetName=112 Pin=-112
Added Pin To Net: NetName=113 Pin=-113
Added Pin To Net: NetName=114 Pin=-114
Added Pin To Net: NetName=115 Pin=-115
Added Pin To Net: NetName=116 Pin=-116
Added Pin To Net: NetName=117 Pin=-117
Added Pin To Net: NetName=118 Pin=-118
Added Pin To Net: NetName=119 Pin=-119
Added Pin To Net: NetName=120 Pin=-120
Added Pin To Net: NetName=121 Pin=-121
Added Pin To Net: NetName=122 Pin=-122
Added Pin To Net: NetName=123 Pin=-123
Added Pin To Net: NetName=124 Pin=-124
Added Pin To Net: NetName=125 Pin=-125
Added Pin To Net: NetName=126 Pin=-126
Added Pin To Net: NetName=127 Pin=-127
Added Pin To Net: NetName=128 Pin=-128
Added Pin To Net: NetName=129 Pin=-129
Added Pin To Net: NetName=130 Pin=-130
Added Pin To Net: NetName=131 Pin=-131
Added Pin To Net: NetName=132 Pin=-132
Added Pin To Net: NetName=133 Pin=-133
Added Pin To Net: NetName=134 Pin=-134
Added Pin To Net: NetName=135 Pin=-135
Added Pin To Net: NetName=136 Pin=-136
Added Pin To Net: NetName=137 Pin=-137
Added Pin To Net: NetName=138 Pin=-138
Added Pin To Net: NetName=139 Pin=-139
Added Pin To Net: NetName=140 Pin=-140
Added Pin To Net: NetName=141 Pin=-141
Added Pin To Net: NetName=142 Pin=-142
Added Pin To Net: NetName=143 Pin=-143
Added Pin To Net: NetName=144 Pin=-144
Added Pin To Net: NetName=145 Pin=-145
Added Pin To Net: NetName=146 Pin=-146
Added Pin To Net: NetName=147 Pin=-147
Added Pin To Net: NetName=148 Pin=-148
Added Pin To Net: NetName=149 Pin=-149
Added Pin To Net: NetName=150 Pin=-150
Added Pin To Net: NetName=151 Pin=-151
Added Pin To Net: NetName=152 Pin=-152
Added Pin To Net: NetName=153 Pin=-153
Added Pin To Net: NetName=154 Pin=-154
Added Pin To Net: NetName=155 Pin=-155
Added Pin To Net: NetName=156 Pin=-156
Added Pin To Net: NetName=101 Pin=J7-1
Added Pin To Net: NetName=103 Pin=J7-2
Added Pin To Net: NetName=105 Pin=J7-3
Added Pin To Net: NetName=107 Pin=J7-4
Added Pin To Net: NetName=109 Pin=J7-5
Added Pin To Net: NetName=111 Pin=J7-6
Added Pin To Net: NetName=113 Pin=J7-7
Added Pin To Net: NetName=115 Pin=J7-8
Added Pin To Net: NetName=117 Pin=J7-9
Added Pin To Net: NetName=119 Pin=J7-10
Added Pin To Net: NetName=121 Pin=J8-1
Added Pin To Net: NetName=123 Pin=J8-2
Added Pin To Net: NetName=125 Pin=J8-3
Added Pin To Net: NetName=127 Pin=J8-4
Added Pin To Net: NetName=129 Pin=J8-5
Added Pin To Net: NetName=131 Pin=J8-6
Added Pin To Net: NetName=133 Pin=J8-7
Added Pin To Net: NetName=135 Pin=J8-8
Added Pin To Net: NetName=137 Pin=J8-9
Added Pin To Net: NetName=139 Pin=J8-10
Added Pin To Net: NetName=141 Pin=J9-1
Added Pin To Net: NetName=143 Pin=J9-2
Added Pin To Net: NetName=145 Pin=J9-3
Added Pin To Net: NetName=147 Pin=J9-4
Added Pin To Net: NetName=149 Pin=J9-5
Added Pin To Net: NetName=151 Pin=J9-6
Added Pin To Net: NetName=153 Pin=J9-7
Added Pin To Net: NetName=155 Pin=J9-8
Added Pin To Net: NetName=102 Pin=J10-1
Added Pin To Net: NetName=104 Pin=J10-2
Added Pin To Net: NetName=106 Pin=J10-3
Added Pin To Net: NetName=108 Pin=J10-4
Added Pin To Net: NetName=110 Pin=J10-5
Added Pin To Net: NetName=112 Pin=J10-6
Added Pin To Net: NetName=114 Pin=J10-7
Added Pin To Net: NetName=116 Pin=J10-8
Added Pin To Net: NetName=118 Pin=J10-9
Added Pin To Net: NetName=120 Pin=J10-10
Added Pin To Net: NetName=122 Pin=J11-1
Added Pin To Net: NetName=124 Pin=J11-2
Added Pin To Net: NetName=126 Pin=J11-3
Added Pin To Net: NetName=128 Pin=J11-4
Added Pin To Net: NetName=130 Pin=J11-5
Added Pin To Net: NetName=132 Pin=J11-6
Added Pin To Net: NetName=134 Pin=J11-7
Added Pin To Net: NetName=136 Pin=J11-8
Added Pin To Net: NetName=138 Pin=J11-9
Added Pin To Net: NetName=140 Pin=J11-10
Added Pin To Net: NetName=142 Pin=J12-1
Added Pin To Net: NetName=144 Pin=J12-2
Added Pin To Net: NetName=146 Pin=J12-3
Added Pin To Net: NetName=148 Pin=J12-4
Added Pin To Net: NetName=150 Pin=J12-5
Added Pin To Net: NetName=152 Pin=J12-6
Added Pin To Net: NetName=154 Pin=J12-7
Added Pin To Net: NetName=156 Pin=J12-8
Added Member To Class: ClassName=debugprobe2 Member=Component  Anybus_CC_B40
